2026-04-04 13:31:21 [Auth-Service] info: Auth Service successfully started on port 5001
2026-04-05 13:47:11 [TRANSACTION-SERVICE] info: Transaction Service live on port 5002
2026-04-05 13:47:21 [TRANSACTION-SERVICE] info: Transaction Service live on port 5002
2026-04-05 13:51:02 [TRANSACTION-SERVICE] info: Transaction Service live on port 5002
2026-04-05 13:51:26 [TRANSACTION-SERVICE] info: Transaction Service live on port 5002
2026-04-05 13:55:27 [TRANSACTION-SERVICE] info: Transaction Service live on port 5002
2026-04-05 13:55:30 [TRANSACTION-SERVICE] info: Transaction Service live on port 5002
2026-04-05 13:55:33 [TRANSACTION-SERVICE] info: Transaction Service live on port 5002
2026-04-05 14:01:53 [TRANSACTION-SERVICE] error: Failed to add transaction
2026-04-05 14:08:07 [TRANSACTION-SERVICE] error: Failed to add transaction
2026-04-05 14:10:20 [TRANSACTION-SERVICE] error: Failed to add transaction
2026-04-05 14:10:22 [TRANSACTION-SERVICE] error: Failed to add transaction
2026-04-05 14:10:22 [TRANSACTION-SERVICE] error: Failed to add transaction
2026-04-05 14:10:25 [TRANSACTION-SERVICE] error: Failed to add transaction
2026-04-05 14:11:00 [TRANSACTION-SERVICE] info: Transaction created: 69d2201c1b4303970bb6b9c0
2026-04-05 14:14:17 [TRANSACTION-SERVICE] info: Transaction Service live on port 5002
2026-04-05 14:14:45 [TRANSACTION-SERVICE] error: Failed to add transaction
2026-04-05 14:15:24 [TRANSACTION-SERVICE] info: Transaction created: 69d22124f2694efaef6dd402
2026-04-05 15:31:04 [TRANSACTION-SERVICE] info: Transaction created: 69d232e0f2694efaef6dd403
2026-04-05 15:39:22 [TRANSACTION-SERVICE] info: Transaction created: 69d234d2f2694efaef6dd404
2026-04-05 16:42:28 [TRANSACTION-SERVICE] info: Transaction Service live on port 5002
2026-04-05 16:44:02 [TRANSACTION-SERVICE] info: Transaction Service live on port 5002
2026-04-05 16:44:10 [TRANSACTION-SERVICE] info: Transaction Service live on port 5002
2026-04-05 16:44:18 [TRANSACTION-SERVICE] info: Transaction Service live on port 5002
2026-04-05 16:44:23 [TRANSACTION-SERVICE] info: Transaction Service live on port 5002
2026-04-05 16:44:29 [TRANSACTION-SERVICE] info: Transaction Service live on port 5002
2026-04-05 16:44:42 [TRANSACTION-SERVICE] info: Transaction Service live on port 5002
2026-04-05 16:44:57 [System] info: Fetched 3 transactions for user 69d15cd4018cd473ee6769dd
2026-04-05 16:45:19 [System] info: Fetched 2 transactions for user 69d15cd4018cd473ee6769dd
2026-04-05 16:45:25 [System] info: Fetched 0 transactions for user 69d15cd4018cd473ee6769dd
2026-04-05 16:45:40 [System] info: Fetched 3 transactions for user 69d15cd4018cd473ee6769dd
2026-04-05 17:37:00 [TRANSACTION-SERVICE] error: Failed to add transaction
2026-04-05 17:37:16 [TRANSACTION-SERVICE] info: Transaction created: 69d2507498c45f51b051f869
2026-04-05 17:37:38 [System] info: Fetched 4 transactions for user 69d15cd4018cd473ee6769dd
2026-04-05 17:37:56 [System] info: Fetched 3 transactions for user 69d15cd4018cd473ee6769dd
2026-04-05 17:39:09 [System] info: Fetched 3 transactions for user 69d15cd4018cd473ee6769dd
2026-04-05 17:39:50 [System] info: Fetched 4 transactions for user 69d15cd4018cd473ee6769dd
2026-04-05 17:39:59 [System] info: Fetched 0 transactions for user 69d15cd4018cd473ee6769dd
2026-04-05 17:40:06 [System] info: Fetched 0 transactions for user 69d15cd4018cd473ee6769dd
2026-04-05 17:40:11 [System] info: Fetched 0 transactions for user 69d15cd4018cd473ee6769dd
2026-04-05 17:40:16 [System] info: Fetched 1 transactions for user 69d15cd4018cd473ee6769dd
2026-04-05 17:40:25 [System] info: Fetched 4 transactions for user 69d15cd4018cd473ee6769dd
2026-04-05 17:41:19 [System] info: Fetched 3 transactions for user 69d15cd4018cd473ee6769dd
2026-04-05 17:48:56 [TRANSACTION-SERVICE] info: Transaction Service live on port 5002
2026-04-05 17:49:20 [TRANSACTION-SERVICE] info: Transaction Service live on port 5002
2026-04-05 17:49:41 [TRANSACTION-SERVICE] info: Transaction Service live on port 5002
2026-04-05 18:01:48 [TRANSACTION-SERVICE] info: Transaction Service live on port 5002
2026-04-05 18:11:02 [TRANSACTION-SERVICE] info: Transaction Service live on port 5002
2026-04-05 18:11:45 [TRANSACTION-SERVICE] info: Transaction Service live on port 5002
2026-04-05 18:11:48 [TRANSACTION-SERVICE] info: Transaction Service live on port 5002
2026-04-05 18:11:51 [TRANSACTION-SERVICE] info: Transaction Service live on port 5002
2026-04-05 18:12:57 [TRANSACTION-SERVICE] info: Transaction Service live on port 5002
2026-04-05 18:13:01 [TRANSACTION-SERVICE] info: Transaction Service live on port 5002
2026-04-05 18:13:06 [TRANSACTION-SERVICE] info: Transaction Service live on port 5002
2026-04-05 18:14:08 [TRANSACTION-SERVICE] info: Transaction Service live on port 5002
2026-04-05 18:26:29 [TRANSACTION-SERVICE] info: Transaction Service live on port 5002
2026-04-05 18:26:38 [TRANSACTION-SERVICE] info: Transaction Service live on port 5002
2026-04-05 18:26:48 [TRANSACTION-SERVICE] info: Transaction Service live on port 5002
2026-04-05 18:26:51 [TRANSACTION-SERVICE] info: Transaction Service live on port 5002
2026-04-05 18:26:54 [TRANSACTION-SERVICE] info: Transaction Service live on port 5002
2026-04-05 18:26:58 [TRANSACTION-SERVICE] info: Transaction Service live on port 5002
2026-04-05 18:27:03 [TRANSACTION-SERVICE] info: Transaction Service live on port 5002
2026-04-05 18:27:07 [TRANSACTION-SERVICE] info: Transaction Service live on port 5002
2026-04-05 18:27:23 [TRANSACTION-SERVICE] info: Transaction Service live on port 5002
2026-04-05 18:27:30 [TRANSACTION-SERVICE] info: Transaction Service live on port 5002
2026-04-05 18:27:43 [TRANSACTION-SERVICE] info: Transaction Service live on port 5002
2026-04-05 18:28:12 [TRANSACTION-SERVICE] info: Transaction Service live on port 5002
2026-04-05 18:29:05 [System] error: Error fetching single transaction
2026-04-05 18:30:43 [TRANSACTION-SERVICE] info: Transaction Service live on port 5002
2026-04-05 18:30:49 [TRANSACTION-SERVICE] info: Transaction Service live on port 5002
2026-04-05 18:32:16 [System] info: Fetched 3 transactions for user 69d15cd4018cd473ee6769dd
2026-04-05 18:35:53 [TRANSACTION-SERVICE] info: Transaction Service live on port 5002
2026-04-06 00:01:41 [TRANSACTION-SERVICE] info: Transaction Service live on port 5002
2026-04-06 00:06:04 [System] info: Fetched 3 transactions for user 69d15cd4018cd473ee6769dd
2026-04-06 00:08:46 [TRANSACTION-SERVICE] info: Transaction Service live on port 5002
2026-04-06 00:08:51 [TRANSACTION-SERVICE] info: Transaction Service live on port 5002
2026-04-06 00:08:57 [TRANSACTION-SERVICE] info: Transaction Service live on port 5002
2026-04-06 15:03:58 [System] info: Fetched 0 transactions for user 69d15cd4018cd473ee6769dd
2026-04-06 15:04:04 [System] info: Fetched 2 transactions for user 69d15cd4018cd473ee6769dd
2026-04-06 15:04:09 [System] info: Fetched 0 transactions for user 69d15cd4018cd473ee6769dd
2026-04-06 15:04:13 [System] info: Fetched 1 transactions for user 69d15cd4018cd473ee6769dd
2026-04-06 15:57:00 [TRANSACTION-SERVICE] info: Transaction Service live on port 5002
2026-04-06 17:05:20 [TRANSACTION-SERVICE] info: Transaction Service live on port 5002
2026-04-06 17:10:44 [TRANSACTION-SERVICE] info: Transaction Service live on port 5002
2026-04-07 12:38:16 [TRANSACTION-SERVICE] info: Transaction Service live on port 5002
2026-04-07 13:50:00 [TRANSACTION-SERVICE] info: Transaction Service live on port 5002
2026-04-07 13:51:11 [TRANSACTION-SERVICE] info: Transaction Service live on port 5002
2026-04-09 17:15:35 [TRANSACTION-SERVICE] info: Transaction Service live on port 5002
2026-04-09 17:15:58 [System] info: Fetched 4 transactions for user 69d15cd4018cd473ee6769dd
2026-04-09 17:17:26 [TRANSACTION-SERVICE] info: Transaction created: 69d791cd4690f7f920f040a8
2026-04-09 17:19:29 [TRANSACTION-SERVICE] info: Transaction Service live on port 5002
2026-04-09 17:19:35 [TRANSACTION-SERVICE] info: Transaction Service live on port 5002
2026-04-09 17:19:37 [TRANSACTION-SERVICE] info: Transaction Service live on port 5002
2026-04-09 17:19:43 [TRANSACTION-SERVICE] info: Transaction Service live on port 5002
2026-04-09 17:19:46 [TRANSACTION-SERVICE] info: Transaction Service live on port 5002
2026-04-09 17:20:32 [TRANSACTION-SERVICE] info: Dashboard summary fetched for user 69d15cd4018cd473ee6769dd
2026-04-09 17:41:29 [TRANSACTION-SERVICE] info: Transaction Service live on port 5002
2026-04-09 22:52:55 [TRANSACTION-SERVICE] info: Transaction Service live on port 5002
2026-04-10 08:07:23 [TRANSACTION-SERVICE] info: Transaction Service live on port 5002
2026-04-10 11:54:57 [TRANSACTION-SERVICE] info: Dashboard summary fetched for user 69d351d1e332e18419d269f2
2026-04-10 11:54:58 [TRANSACTION-SERVICE] info: Spending by category fetched for user 69d351d1e332e18419d269f2
2026-04-10 11:55:33 [TRANSACTION-SERVICE] info: Dashboard summary fetched for user 69d15cd4018cd473ee6769dd
2026-04-10 11:55:33 [TRANSACTION-SERVICE] info: Spending by category fetched for user 69d15cd4018cd473ee6769dd
2026-04-10 11:55:40 [TRANSACTION-SERVICE] info: Spending by category fetched for user 69d15cd4018cd473ee6769dd
2026-04-10 11:55:40 [TRANSACTION-SERVICE] info: Dashboard summary fetched for user 69d15cd4018cd473ee6769dd
2026-04-10 11:55:44 [TRANSACTION-SERVICE] info: Spending by category fetched for user 69d15cd4018cd473ee6769dd
2026-04-10 11:55:44 [TRANSACTION-SERVICE] info: Dashboard summary fetched for user 69d15cd4018cd473ee6769dd
2026-04-10 11:56:07 [TRANSACTION-SERVICE] info: Dashboard summary fetched for user 69d15cd4018cd473ee6769dd
2026-04-10 11:56:07 [TRANSACTION-SERVICE] info: Spending by category fetched for user 69d15cd4018cd473ee6769dd
2026-04-10 11:56:22 [TRANSACTION-SERVICE] info: Dashboard summary fetched for user 69d15cd4018cd473ee6769dd
2026-04-10 11:56:22 [TRANSACTION-SERVICE] info: Spending by category fetched for user 69d15cd4018cd473ee6769dd
2026-04-10 12:02:08 [TRANSACTION-SERVICE] info: Dashboard summary fetched for user 69d15cd4018cd473ee6769dd
2026-04-10 12:02:08 [TRANSACTION-SERVICE] info: Spending by category fetched for user 69d15cd4018cd473ee6769dd
2026-04-10 12:02:11 [TRANSACTION-SERVICE] info: Dashboard summary fetched for user 69d15cd4018cd473ee6769dd
2026-04-10 12:02:11 [TRANSACTION-SERVICE] info: Spending by category fetched for user 69d15cd4018cd473ee6769dd
2026-04-10 12:02:18 [TRANSACTION-SERVICE] info: Dashboard summary fetched for user 69d15cd4018cd473ee6769dd
2026-04-10 12:02:18 [TRANSACTION-SERVICE] info: Spending by category fetched for user 69d15cd4018cd473ee6769dd
2026-04-10 12:02:24 [TRANSACTION-SERVICE] info: Dashboard summary fetched for user 69d15cd4018cd473ee6769dd
2026-04-10 12:02:24 [TRANSACTION-SERVICE] info: Spending by category fetched for user 69d15cd4018cd473ee6769dd
2026-04-10 12:02:33 [TRANSACTION-SERVICE] info: Dashboard summary fetched for user 69d15cd4018cd473ee6769dd
2026-04-10 12:02:33 [TRANSACTION-SERVICE] info: Spending by category fetched for user 69d15cd4018cd473ee6769dd
2026-04-10 12:02:40 [TRANSACTION-SERVICE] info: Dashboard summary fetched for user 69d15cd4018cd473ee6769dd
2026-04-10 12:02:40 [TRANSACTION-SERVICE] info: Spending by category fetched for user 69d15cd4018cd473ee6769dd
2026-04-10 12:03:07 [TRANSACTION-SERVICE] info: Spending by category fetched for user 69d15cd4018cd473ee6769dd
2026-04-10 12:03:07 [TRANSACTION-SERVICE] info: Dashboard summary fetched for user 69d15cd4018cd473ee6769dd
2026-04-10 12:03:10 [TRANSACTION-SERVICE] info: Dashboard summary fetched for user 69d15cd4018cd473ee6769dd
2026-04-10 12:03:10 [TRANSACTION-SERVICE] info: Spending by category fetched for user 69d15cd4018cd473ee6769dd
2026-04-10 12:15:10 [TRANSACTION-SERVICE] info: Dashboard summary fetched for user 69d15cd4018cd473ee6769dd
2026-04-10 12:15:10 [TRANSACTION-SERVICE] info: Spending by category fetched for user 69d15cd4018cd473ee6769dd
2026-04-10 12:24:12 [TRANSACTION-SERVICE] info: Transaction Service live on port 5002
2026-04-10 12:24:32 [TRANSACTION-SERVICE] info: Transaction Service live on port 5002
2026-04-10 12:24:46 [TRANSACTION-SERVICE] info: Transaction Service live on port 5002
